This is pdfTeX, Version 3.14159265-2.6-1.40.21 (TeX Live 2020) (preloaded format=pdflatex 2020.10.11)  3 JAN 2021 00:31
entering extended mode
 restricted \write18 enabled.
 %&-line parsing enabled.
**main.tex
(./main.tex
LaTeX2e <2020-02-02> patch level 5
L3 programming layer <2020-03-06>
(/usr/local/texlive/2020basic/texmf-dist/tex/latex/base/report.cls
Document Class: report 2019/12/20 v1.4l Standard LaTeX document class
(/usr/local/texlive/2020basic/texmf-dist/tex/latex/base/size12.clo
File: size12.clo 2019/12/20 v1.4l Standard LaTeX file (size option)
)
\c@part=\count167
\c@chapter=\count168
\c@section=\count169
\c@subsection=\count170
\c@subsubsection=\count171
\c@paragraph=\count172
\c@subparagraph=\count173
\c@figure=\count174
\c@table=\count175
\abovecaptionskip=\skip47
\belowcaptionskip=\skip48
\bibindent=\dimen134
)
(./includes.tex
(/usr/local/texlive/2020basic/texmf-dist/tex/latex/geometry/geometry.sty
Package: geometry 2020/01/02 v5.9 Page Geometry

(/usr/local/texlive/2020basic/texmf-dist/tex/latex/graphics/keyval.sty
Package: keyval 2014/10/28 v1.15 key=value parser (DPC)
\KV@toks@=\toks15
)
(/usr/local/texlive/2020basic/texmf-dist/tex/generic/iftex/ifvtex.sty
Package: ifvtex 2019/10/25 v1.7 ifvtex legacy package. Use iftex instead.

(/usr/local/texlive/2020basic/texmf-dist/tex/generic/iftex/iftex.sty
Package: iftex 2020/03/06 v1.0d TeX engine tests
))
\Gm@cnth=\count176
\Gm@cntv=\count177
\c@Gm@tempcnt=\count178
\Gm@bindingoffset=\dimen135
\Gm@wd@mp=\dimen136
\Gm@odd@mp=\dimen137
\Gm@even@mp=\dimen138
\Gm@layoutwidth=\dimen139
\Gm@layoutheight=\dimen140
\Gm@layouthoffset=\dimen141
\Gm@layoutvoffset=\dimen142
\Gm@dimlist=\toks16
)
(/usr/local/texlive/2020basic/texmf-dist/tex/latex/base/textpos.sty
Package: textpos 2020/09/26 v1.10

Package: textpos 2020/09/26 1.10, absolute positioning of text on the page
Package textpos Info: choosing support for LaTeX2e on input line 61.
\TP@textbox=\box45
\TPHorizModule=\dimen143
\TPVertModule=\dimen144
\TP@margin=\dimen145
\TP@absmargin=\dimen146
Grid set 16 x 16 = 37.34424pt x 52.81541pt
\TPboxrulesize=\dimen147
\TP@tbargs=\toks17
) (/usr/local/texlive/2020basic/texmf-dist/tex/latex/tools/tabularx.sty
Package: tabularx 2020/01/15 v2.11c `tabularx' package (DPC)

(/usr/local/texlive/2020basic/texmf-dist/tex/latex/tools/array.sty
Package: array 2019/08/31 v2.4l Tabular extension package (FMi)
\col@sep=\dimen148
\ar@mcellbox=\box46
\extrarowheight=\dimen149
\NC@list=\toks18
\extratabsurround=\skip49
\backup@length=\skip50
\ar@cellbox=\box47
)
\TX@col@width=\dimen150
\TX@old@table=\dimen151
\TX@old@col=\dimen152
\TX@target=\dimen153
\TX@delta=\dimen154
\TX@cols=\count179
\TX@ftn=\toks19
)
(/usr/local/texlive/2020basic/texmf-dist/tex/latex/tools/longtable.sty
Package: longtable 2020/01/07 v4.13 Multi-page Table package (DPC)
\LTleft=\skip51
\LTright=\skip52
\LTpre=\skip53
\LTpost=\skip54
\LTchunksize=\count180
\LTcapwidth=\dimen155
\LT@head=\box48
\LT@firsthead=\box49
\LT@foot=\box50
\LT@lastfoot=\box51
\LT@cols=\count181
\LT@rows=\count182
\c@LT@tables=\count183
\c@LT@chunks=\count184
\LT@p@ftn=\toks20
)
(/usr/local/texlive/2020basic/texmf-dist/tex/latex/multirow/multirow.sty
Package: multirow 2019/05/31 v2.5 Span multiple rows of a table
\multirow@colwidth=\skip55
\multirow@cntb=\count185
\multirow@dima=\skip56
\bigstrutjot=\dimen156
)
(/usr/local/texlive/2020basic/texmf-dist/tex/latex/subfigure/subfigure.sty
Package: subfigure 2002/03/15 v2.1.5 subfigure package
\subfigtopskip=\skip57
\subfigcapskip=\skip58
\subfigcaptopadj=\dimen157
\subfigbottomskip=\skip59
\subfigcapmargin=\dimen158
\subfiglabelskip=\skip60
\c@subfigure=\count186
\c@lofdepth=\count187
\c@subtable=\count188
\c@lotdepth=\count189

****************************************
* Local config file subfigure.cfg used *
****************************************
(/usr/local/texlive/2020basic/texmf-dist/tex/latex/subfigure/subfigure.cfg)
\subfig@top=\skip61
\subfig@bottom=\skip62
)
(/usr/local/texlive/2020basic/texmf-dist/tex/latex/caption/caption.sty
Package: caption 2020/01/03 v3.4h Customizing captions (AR)

(/usr/local/texlive/2020basic/texmf-dist/tex/latex/caption/caption3.sty
Package: caption3 2020/01/03 v1.8h caption3 kernel (AR)
Package caption3 Info: TeX engine: e-TeX on input line 61.
\captionmargin=\dimen159
\captionmargin@=\dimen160
\captionwidth=\dimen161
\caption@tempdima=\dimen162
\caption@indent=\dimen163
\caption@parindent=\dimen164
\caption@hangindent=\dimen165
Package caption Info: Standard document class detected.
)
\c@caption@flags=\count190
\c@continuedfloat=\count191
Package caption Info: longtable package is loaded.

(/usr/local/texlive/2020basic/texmf-dist/tex/latex/caption/ltcaption.sty
Package: ltcaption 2018/08/26 v1.4a longtable captions (AR)
)
Package caption Info: subfigure package is loaded.
)
(/usr/local/texlive/2020basic/texmf-dist/tex/latex/fncylab/fncylab.sty

Package fncylab Warning: fncylab is not required with releases after 2019.
(fncylab)                All its functionality is now in the LaTeX kernel.

) (/usr/local/texlive/2020basic/texmf-dist/tex/latex/fancyhdr/fancyhdr.sty
Package: fancyhdr 2019/01/31 v3.10 Extensive control of page headers and footer
s
\f@nch@headwidth=\skip63
\f@nch@O@elh=\skip64
\f@nch@O@erh=\skip65
\f@nch@O@olh=\skip66
\f@nch@O@orh=\skip67
\f@nch@O@elf=\skip68
\f@nch@O@erf=\skip69
\f@nch@O@olf=\skip70
\f@nch@O@orf=\skip71
)
(/usr/local/texlive/2020basic/texmf-dist/tex/latex/url/url.sty
\Urlmuskip=\muskip16
Package: url 2013/09/16  ver 3.4  Verb mode for urls, etc.
)
(/usr/local/texlive/2020basic/texmf-dist/tex/generic/babel/babel.sty
Package: babel 2020/03/22 3.42 The Babel package

(/usr/local/texlive/2020basic/texmf-dist/tex/generic/babel/switch.def
File: switch.def 2020/03/22 3.42 Babel switching mechanism
)
(/usr/local/texlive/2020basic/texmf-dist/tex/generic/babel-english/english.ldf
Language: english 2017/06/06 v3.3r English support from the babel system

(/usr/local/texlive/2020basic/texmf-dist/tex/generic/babel/babel.def
File: babel.def 2020/03/22 3.42 Babel common definitions
\babel@savecnt=\count192
\U@D=\dimen166

(/usr/local/texlive/2020basic/texmf-dist/tex/generic/babel/txtbabel.def)
\bbl@readstream=\read2
\bbl@dirlevel=\count193
)
Package babel Info: \l@canadian = using hyphenrules for english
(babel)             (\language0) on input line 102.
Package babel Info: \l@australian = using hyphenrules for ukenglish
(babel)             (\language7) on input line 105.
Package babel Info: \l@newzealand = using hyphenrules for ukenglish
(babel)             (\language7) on input line 108.
))
(/usr/local/texlive/2020basic/texmf-dist/tex/latex/amsmath/amsmath.sty
Package: amsmath 2020/01/20 v2.17e AMS math features
\@mathmargin=\skip72

For additional information on amsmath, use the `?' option.
(/usr/local/texlive/2020basic/texmf-dist/tex/latex/amsmath/amstext.sty
Package: amstext 2000/06/29 v2.01 AMS text

(/usr/local/texlive/2020basic/texmf-dist/tex/latex/amsmath/amsgen.sty
File: amsgen.sty 1999/11/30 v2.0 generic functions
\@emptytoks=\toks21
\ex@=\dimen167
))
(/usr/local/texlive/2020basic/texmf-dist/tex/latex/amsmath/amsbsy.sty
Package: amsbsy 1999/11/29 v1.2d Bold Symbols
\pmbraise@=\dimen168
)
(/usr/local/texlive/2020basic/texmf-dist/tex/latex/amsmath/amsopn.sty
Package: amsopn 2016/03/08 v2.02 operator names
)
\inf@bad=\count194
LaTeX Info: Redefining \frac on input line 227.
\uproot@=\count195
\leftroot@=\count196
LaTeX Info: Redefining \overline on input line 389.
\classnum@=\count197
\DOTSCASE@=\count198
LaTeX Info: Redefining \ldots on input line 486.
LaTeX Info: Redefining \dots on input line 489.
LaTeX Info: Redefining \cdots on input line 610.
\Mathstrutbox@=\box52
\strutbox@=\box53
\big@size=\dimen169
LaTeX Font Info:    Redeclaring font encoding OML on input line 733.
LaTeX Font Info:    Redeclaring font encoding OMS on input line 734.
\macc@depth=\count199
\c@MaxMatrixCols=\count266
\dotsspace@=\muskip17
\c@parentequation=\count267
\dspbrk@lvl=\count268
\tag@help=\toks22
\row@=\count269
\column@=\count270
\maxfields@=\count271
\andhelp@=\toks23
\eqnshift@=\dimen170
\alignsep@=\dimen171
\tagshift@=\dimen172
\tagwidth@=\dimen173
\totwidth@=\dimen174
\lineht@=\dimen175
\@envbody=\toks24
\multlinegap=\skip73
\multlinetaggap=\skip74
\mathdisplay@stack=\toks25
LaTeX Info: Redefining \[ on input line 2859.
LaTeX Info: Redefining \] on input line 2860.
)
(/usr/local/texlive/2020basic/texmf-dist/tex/latex/graphics/graphicx.sty
Package: graphicx 2019/11/30 v1.2a Enhanced LaTeX Graphics (DPC,SPQR)

(/usr/local/texlive/2020basic/texmf-dist/tex/latex/graphics/graphics.sty
Package: graphics 2019/11/30 v1.4a Standard LaTeX Graphics (DPC,SPQR)

(/usr/local/texlive/2020basic/texmf-dist/tex/latex/graphics/trig.sty
Package: trig 2016/01/03 v1.10 sin cos tan (DPC)
)
(/usr/local/texlive/2020basic/texmf-dist/tex/latex/graphics-cfg/graphics.cfg
File: graphics.cfg 2016/06/04 v1.11 sample graphics configuration
)
Package graphics Info: Driver file: pdftex.def on input line 105.

(/usr/local/texlive/2020basic/texmf-dist/tex/latex/graphics-def/pdftex.def
File: pdftex.def 2018/01/08 v1.0l Graphics/color driver for pdftex
))
\Gin@req@height=\dimen176
\Gin@req@width=\dimen177
)
(/usr/local/texlive/2020basic/texmf-dist/tex/latex/doublestroke/dsfont.sty
Package: dsfont 1995/08/01 v0.1 Double stroke roman fonts
)
(/usr/local/texlive/2020basic/texmf-dist/tex/latex/epstopdf-pkg/epstopdf.sty
Package: epstopdf 2020-01-24 v2.11 Conversion with epstopdf on the fly (HO)

(/usr/local/texlive/2020basic/texmf-dist/tex/generic/infwarerr/infwarerr.sty
Package: infwarerr 2019/12/03 v1.5 Providing info/warning/error messages (HO)
)
(/usr/local/texlive/2020basic/texmf-dist/tex/latex/grfext/grfext.sty
Package: grfext 2019/12/03 v1.3 Manage graphics extensions (HO)

(/usr/local/texlive/2020basic/texmf-dist/tex/generic/kvdefinekeys/kvdefinekeys.
sty
Package: kvdefinekeys 2019-12-19 v1.6 Define keys (HO)
))
(/usr/local/texlive/2020basic/texmf-dist/tex/latex/kvoptions/kvoptions.sty
Package: kvoptions 2019/11/29 v3.13 Key value format for package options (HO)

(/usr/local/texlive/2020basic/texmf-dist/tex/generic/ltxcmds/ltxcmds.sty
Package: ltxcmds 2019/12/15 v1.24 LaTeX kernel commands for general use (HO)
)
(/usr/local/texlive/2020basic/texmf-dist/tex/generic/kvsetkeys/kvsetkeys.sty
Package: kvsetkeys 2019/12/15 v1.18 Key value parser (HO)
))
(/usr/local/texlive/2020basic/texmf-dist/tex/latex/pdftexcmds/pdftexcmds.sty
Package: pdftexcmds 2019/11/24 v0.31 Utility functions of pdfTeX for LuaTeX (HO
)
Package pdftexcmds Info: \pdf@primitive is available.
Package pdftexcmds Info: \pdf@ifprimitive is available.
Package pdftexcmds Info: \pdfdraftmode found.
)
(/usr/local/texlive/2020basic/texmf-dist/tex/latex/epstopdf-pkg/epstopdf-base.s
ty
Package: epstopdf-base 2020-01-24 v2.11 Base part for package epstopdf
Package epstopdf-base Info: Redefining graphics rule for `.eps' on input line 4
85.
Package grfext Info: Graphics extension search list:
(grfext)             [.pdf,.png,.jpg,.mps,.jpeg,.jbig2,.jb2,.PDF,.PNG,.JPG,.JPE
G,.JBIG2,.JB2,.eps]
(grfext)             \AppendGraphicsExtensions on input line 504.

(/usr/local/texlive/2020basic/texmf-dist/tex/latex/latexconfig/epstopdf-sys.cfg
File: epstopdf-sys.cfg 2010/07/13 v1.3 Configuration of (r)epstopdf for TeX Liv
e
))) (/usr/local/texlive/2020basic/texmf-dist/tex/latex/base/latexsym.sty
Package: latexsym 1998/08/17 v2.2e Standard LaTeX package (lasy symbols)
\symlasy=\mathgroup4
LaTeX Font Info:    Overwriting symbol font `lasy' in version `bold'
(Font)                  U/lasy/m/n --> U/lasy/b/n on input line 52.
)
(/usr/local/texlive/2020basic/texmf-dist/tex/latex/booktabs/booktabs.sty
Package: booktabs 2020/01/12 v1.61803398 Publication quality tables
\heavyrulewidth=\dimen178
\lightrulewidth=\dimen179
\cmidrulewidth=\dimen180
\belowrulesep=\dimen181
\belowbottomsep=\dimen182
\aboverulesep=\dimen183
\abovetopsep=\dimen184
\cmidrulesep=\dimen185
\cmidrulekern=\dimen186
\defaultaddspace=\dimen187
\@cmidla=\count272
\@cmidlb=\count273
\@aboverulesep=\dimen188
\@belowrulesep=\dimen189
\@thisruleclass=\count274
\@lastruleclass=\count275
\@thisrulewidth=\dimen190
)
(/usr/local/texlive/2020basic/texmf-dist/tex/latex/hyperref/hyperref.sty
Package: hyperref 2020/01/14 v7.00d Hypertext links for LaTeX

(/usr/local/texlive/2020basic/texmf-dist/tex/generic/pdfescape/pdfescape.sty
Package: pdfescape 2019/12/09 v1.15 Implements pdfTeX's escape features (HO)
)
(/usr/local/texlive/2020basic/texmf-dist/tex/latex/hycolor/hycolor.sty
Package: hycolor 2020-01-27 v1.10 Color options for hyperref/bookmark (HO)
)
(/usr/local/texlive/2020basic/texmf-dist/tex/latex/letltxmacro/letltxmacro.sty
Package: letltxmacro 2019/12/03 v1.6 Let assignment for LaTeX macros (HO)
) (/usr/local/texlive/2020basic/texmf-dist/tex/latex/auxhook/auxhook.sty
Package: auxhook 2019-12-17 v1.6 Hooks for auxiliary files (HO)
)
\@linkdim=\dimen191
\Hy@linkcounter=\count276
\Hy@pagecounter=\count277

(/usr/local/texlive/2020basic/texmf-dist/tex/latex/hyperref/pd1enc.def
File: pd1enc.def 2020/01/14 v7.00d Hyperref: PDFDocEncoding definition (HO)
Now handling font encoding PD1 ...
... no UTF-8 mapping file for font encoding PD1
)
(/usr/local/texlive/2020basic/texmf-dist/tex/generic/intcalc/intcalc.sty
Package: intcalc 2019/12/15 v1.3 Expandable calculations with integers (HO)
)
(/usr/local/texlive/2020basic/texmf-dist/tex/generic/etexcmds/etexcmds.sty
Package: etexcmds 2019/12/15 v1.7 Avoid name clashes with e-TeX commands (HO)
)
\Hy@SavedSpaceFactor=\count278
Package hyperref Info: Option `hypertexnames' set `false' on input line 4421.
Package hyperref Info: Option `colorlinks' set `true' on input line 4421.
Package hyperref Info: Hyper figures OFF on input line 4547.
Package hyperref Info: Link nesting OFF on input line 4552.
Package hyperref Info: Hyper index ON on input line 4555.
Package hyperref Info: Plain pages OFF on input line 4562.
Package hyperref Info: Backreferencing OFF on input line 4567.
Package hyperref Info: Implicit mode ON; LaTeX internals redefined.
Package hyperref Info: Bookmarks ON on input line 4800.
\c@Hy@tempcnt=\count279
LaTeX Info: Redefining \url on input line 5159.
\XeTeXLinkMargin=\dimen192

(/usr/local/texlive/2020basic/texmf-dist/tex/generic/bitset/bitset.sty
Package: bitset 2019/12/09 v1.3 Handle bit-vector datatype (HO)

(/usr/local/texlive/2020basic/texmf-dist/tex/generic/bigintcalc/bigintcalc.sty
Package: bigintcalc 2019/12/15 v1.5 Expandable calculations on big integers (HO
)
))
\Fld@menulength=\count280
\Field@Width=\dimen193
\Fld@charsize=\dimen194
Package hyperref Info: Hyper figures OFF on input line 6430.
Package hyperref Info: Link nesting OFF on input line 6435.
Package hyperref Info: Hyper index ON on input line 6438.
Package hyperref Info: backreferencing OFF on input line 6445.
Package hyperref Info: Link coloring ON on input line 6448.
Package hyperref Info: Link coloring with OCG OFF on input line 6455.
Package hyperref Info: PDF/A mode OFF on input line 6460.
LaTeX Info: Redefining \ref on input line 6500.
LaTeX Info: Redefining \pageref on input line 6504.
 (/usr/local/texlive/2020basic/texmf-dist/tex/generic/atbegshi/atbegshi.sty
Package: atbegshi 2019/12/05 v1.19 At begin shipout hook (HO)
)
\Hy@abspage=\count281
\c@Item=\count282
\c@Hfootnote=\count283
)
Package hyperref Info: Driver: hpdftex.

(/usr/local/texlive/2020basic/texmf-dist/tex/latex/hyperref/hpdftex.def
File: hpdftex.def 2020/01/14 v7.00d Hyperref driver for pdfTeX

(/usr/local/texlive/2020basic/texmf-dist/tex/latex/atveryend/atveryend.sty
Package: atveryend 2019-12-11 v1.11 Hooks at the very end of document (HO)
Package atveryend Info: \enddocument detected (standard20110627).
)
\Fld@listcount=\count284
\c@bookmark@seq@number=\count285

(/usr/local/texlive/2020basic/texmf-dist/tex/latex/rerunfilecheck/rerunfilechec
k.sty
Package: rerunfilecheck 2019/12/05 v1.9 Rerun checks for auxiliary files (HO)

(/usr/local/texlive/2020basic/texmf-dist/tex/generic/uniquecounter/uniquecounte
r.sty
Package: uniquecounter 2019/12/15 v1.4 Provide unlimited unique counter (HO)
)
Package uniquecounter Info: New unique counter `rerunfilecheck' on input line 2
86.
)
\Hy@SectionHShift=\skip75
)
(/usr/local/texlive/2020basic/texmf-dist/tex/latex/doclicense/doclicense.sty
Package: doclicense 2020/09/25 v2.2.1 Support for putting documents under a lic
ense

(/usr/local/texlive/2020basic/texmf-dist/tex/latex/xifthen/xifthen.sty
Package: xifthen 2015/11/05 v1.4.0 Extended ifthen features

(/usr/local/texlive/2020basic/texmf-dist/tex/latex/tools/calc.sty
Package: calc 2017/05/25 v4.3 Infix arithmetic (KKT,FJ)
\calc@Acount=\count286
\calc@Bcount=\count287
\calc@Adimen=\dimen195
\calc@Bdimen=\dimen196
\calc@Askip=\skip76
\calc@Bskip=\skip77
LaTeX Info: Redefining \setlength on input line 80.
LaTeX Info: Redefining \addtolength on input line 81.
\calc@Ccount=\count288
\calc@Cskip=\skip78
)
(/usr/local/texlive/2020basic/texmf-dist/tex/latex/base/ifthen.sty
Package: ifthen 2014/09/29 v1.1c Standard LaTeX ifthen package (DPC)
)
(/usr/local/texlive/2020basic/texmf-dist/tex/latex/ifmtarg/ifmtarg.sty
Package: ifmtarg 2018/04/16 v1.2b check for an empty argument
))
(/usr/local/texlive/2020basic/texmf-dist/tex/generic/xstring/xstring.sty
(/usr/local/texlive/2020basic/texmf-dist/tex/generic/xstring/xstring.tex
\integerpart=\count289
\decimalpart=\count290
)
Package: xstring 2019/02/06 v1.83 String manipulations (CT)
)
(/usr/local/texlive/2020basic/texmf-dist/tex/latex/etoolbox/etoolbox.sty
Package: etoolbox 2019/09/21 v2.5h e-TeX tools for LaTeX (JAW)
\etb@tempcnta=\count291
)
(/usr/local/texlive/2020basic/texmf-dist/tex/latex/tools/xspace.sty
Package: xspace 2014/10/28 v1.13 Space after command names (DPC,MH)
)
(/usr/local/texlive/2020basic/texmf-dist/tex/latex/tools/verbatim.sty
Package: verbatim 2019/11/10 v1.5r LaTeX2e package for verbatim enhancements
\every@verbatim=\toks26
\verbatim@line=\toks27
\verbatim@in@stream=\read3
)

Package doclicense Warning: The hyperxmp package is missing so no license metad
ata can be embedded into the PDF. Consider installing hyperxmp. on input line 9
2.

\doclicense@hsize=\skip79

(/usr/local/texlive/2020basic/texmf-dist/tex/latex/doclicense/doclicense-englis
h.ldf
File: doclicense-english.ldf 
))
(/usr/local/texlive/2020basic/texmf-dist/tex/latex/biblatex/biblatex.sty
Package: biblatex 2020/08/23 v3.15a programmable bibliographies (PK/MW)

(/usr/local/texlive/2020basic/texmf-dist/tex/latex/logreq/logreq.sty
Package: logreq 2010/08/04 v1.0 xml request logger
\lrq@indent=\count292

(/usr/local/texlive/2020basic/texmf-dist/tex/latex/logreq/logreq.def
File: logreq.def 2010/08/04 v1.0 logreq spec v1.0
))
\c@tabx@nest=\count293
\c@listtotal=\count294
\c@listcount=\count295
\c@liststart=\count296
\c@liststop=\count297
\c@citecount=\count298
\c@citetotal=\count299
\c@multicitecount=\count300
\c@multicitetotal=\count301
\c@instcount=\count302
\c@maxnames=\count303
\c@minnames=\count304
\c@maxitems=\count305
\c@minitems=\count306
\c@citecounter=\count307
\c@maxcitecounter=\count308
\c@savedcitecounter=\count309
\c@uniquelist=\count310
\c@uniquename=\count311
\c@refsection=\count312
\c@refsegment=\count313
\c@maxextratitle=\count314
\c@maxextratitleyear=\count315
\c@maxextraname=\count316
\c@maxextradate=\count317
\c@maxextraalpha=\count318
\c@abbrvpenalty=\count319
\c@highnamepenalty=\count320
\c@lownamepenalty=\count321
\c@maxparens=\count322
\c@parenlevel=\count323
\blx@tempcnta=\count324
\blx@tempcntb=\count325
\blx@tempcntc=\count326
\blx@maxsection=\count327
\blx@maxsegment@0=\count328
\blx@notetype=\count329
\blx@parenlevel@text=\count330
\blx@parenlevel@foot=\count331
\blx@sectionciteorder@0=\count332
\blx@entrysetcounter=\count333
\blx@biblioinstance=\count334
\labelnumberwidth=\skip80
\labelalphawidth=\skip81
\biblabelsep=\skip82
\bibitemsep=\skip83
\bibnamesep=\skip84
\bibinitsep=\skip85
\bibparsep=\skip86
\bibhang=\skip87
\blx@bcfin=\read4
\blx@bcfout=\write3
\blx@langwohyphens=\language22
\c@mincomprange=\count335
\c@maxcomprange=\count336
\c@mincompwidth=\count337
Package biblatex Info: Trying to load biblatex default data model...
Package biblatex Info: ... file 'blx-dm.def' found.

(/usr/local/texlive/2020basic/texmf-dist/tex/latex/biblatex/blx-dm.def
File: blx-dm.def 2020/08/23 v3.15a biblatex localization (PK/MW)
)
Package biblatex Info: Trying to load biblatex style data model...
Package biblatex Info: ... file 'alphabetic.dbx' not found.
Package biblatex Info: Trying to load biblatex custom data model...
Package biblatex Info: ... file 'biblatex-dm.cfg' not found.
\c@afterword=\count338
\c@savedafterword=\count339
\c@annotator=\count340
\c@savedannotator=\count341
\c@author=\count342
\c@savedauthor=\count343
\c@bookauthor=\count344
\c@savedbookauthor=\count345
\c@commentator=\count346
\c@savedcommentator=\count347
\c@editor=\count348
\c@savededitor=\count349
\c@editora=\count350
\c@savededitora=\count351
\c@editorb=\count352
\c@savededitorb=\count353
\c@editorc=\count354
\c@savededitorc=\count355
\c@foreword=\count356
\c@savedforeword=\count357
\c@holder=\count358
\c@savedholder=\count359
\c@introduction=\count360
\c@savedintroduction=\count361
\c@namea=\count362
\c@savednamea=\count363
\c@nameb=\count364
\c@savednameb=\count365
\c@namec=\count366
\c@savednamec=\count367
\c@translator=\count368
\c@savedtranslator=\count369
\c@shortauthor=\count370
\c@savedshortauthor=\count371
\c@shorteditor=\count372
\c@savedshorteditor=\count373
\c@labelname=\count374
\c@savedlabelname=\count375
\c@institution=\count376
\c@savedinstitution=\count377
\c@lista=\count378
\c@savedlista=\count379
\c@listb=\count380
\c@savedlistb=\count381
\c@listc=\count382
\c@savedlistc=\count383
\c@listd=\count384
\c@savedlistd=\count385
\c@liste=\count386
\c@savedliste=\count387
\c@listf=\count388
\c@savedlistf=\count389
\c@location=\count390
\c@savedlocation=\count391
\c@organization=\count392
\c@savedorganization=\count393
\c@origlocation=\count394
\c@savedoriglocation=\count395
\c@origpublisher=\count396
\c@savedorigpublisher=\count397
\c@publisher=\count398
\c@savedpublisher=\count399
\c@language=\count400
\c@savedlanguage=\count401
\c@origlanguage=\count402
\c@savedoriglanguage=\count403
\c@pageref=\count404
\c@savedpageref=\count405
\shorthandwidth=\skip88
\shortjournalwidth=\skip89
\shortserieswidth=\skip90
\shorttitlewidth=\skip91
\shortauthorwidth=\skip92
\shorteditorwidth=\skip93
\locallabelnumberwidth=\skip94
\locallabelalphawidth=\skip95
\localshorthandwidth=\skip96
\localshortjournalwidth=\skip97
\localshortserieswidth=\skip98
\localshorttitlewidth=\skip99
\localshortauthorwidth=\skip100
\localshorteditorwidth=\skip101
Package biblatex Info: Trying to load compatibility code...
Package biblatex Info: ... file 'blx-compat.def' found.

(/usr/local/texlive/2020basic/texmf-dist/tex/latex/biblatex/blx-compat.def
File: blx-compat.def 2020/08/23 v3.15a biblatex compatibility (PK/MW)
)
(/usr/local/texlive/2020basic/texmf-dist/tex/latex/l3kernel/expl3.sty
Package: expl3 2020-03-06 L3 programming layer (loader) 

(/usr/local/texlive/2020basic/texmf-dist/tex/latex/l3backend/l3backend-pdfmode.
def
File: l3backend-pdfmode.def 2020-03-12 L3 backend support: PDF mode
\l__kernel_color_stack_int=\count406
\l__pdf_internal_box=\box54
))

LaTeX Warning: You have requested, on input line 15345, version
               `2020/04/06' of package expl3,
               but only version
               `2020-03-06 L3 programming layer (loader) '
               is available.

Package biblatex Info: expl3
(biblatex)             2020-03-06 L3 programming layer (loader) 
(biblatex)             is too old (older than 2020/04/06),
(biblatex)             setting 'casechanger=latex2e'.
Package biblatex Info: Trying to load LaTeX2e (legacy) case changing code...
Package biblatex Info: ... file 'blx-case-latex2e.def' found.

(/usr/local/texlive/2020basic/texmf-dist/tex/latex/biblatex/blx-case-latex2e.de
f
File: blx-case-latex2e.def 2020/08/23 v3.15a biblatex compatibility (PK/MW)
)
Package biblatex Info: Trying to load BibTeX backend compatibility...
Package biblatex Info: ... file 'blx-bibtex.def' found.
 (/usr/local/texlive/2020basic/texmf-dist/tex/latex/biblatex/blx-bibtex.def
File: blx-bibtex.def 2020/08/23 v3.15a biblatex compatibility (PK/MW)


Package biblatex Warning: Using fall-back BibTeX(8) backend:
(biblatex)                functionality may be reduced/unavailable.

)
Package biblatex Info: Trying to load generic definitions...
Package biblatex Info: ... file 'biblatex.def' found.
 (/usr/local/texlive/2020basic/texmf-dist/tex/latex/biblatex/biblatex.def
File: biblatex.def 2020/08/23 v3.15a biblatex compatibility (PK/MW)
\c@textcitecount=\count407
\c@textcitetotal=\count408
\c@textcitemaxnames=\count409
\c@biburlbigbreakpenalty=\count410
\c@biburlbreakpenalty=\count411
\c@biburlnumpenalty=\count412
\c@biburlucpenalty=\count413
\c@biburllcpenalty=\count414
\biburlbigskip=\muskip18
\biburlnumskip=\muskip19
\biburlucskip=\muskip20
\biburllcskip=\muskip21
\c@smartand=\count415
)
Package biblatex Info: Trying to load bibliography style 'alphabetic'...
Package biblatex Info: ... file 'alphabetic.bbx' found.

(/usr/local/texlive/2020basic/texmf-dist/tex/latex/biblatex/bbx/alphabetic.bbx
File: alphabetic.bbx 2020/08/23 v3.15a biblatex bibliography style (PK/MW)
Package biblatex Info: Trying to load bibliography style 'standard'...
Package biblatex Info: ... file 'standard.bbx' found.

(/usr/local/texlive/2020basic/texmf-dist/tex/latex/biblatex/bbx/standard.bbx
File: standard.bbx 2020/08/23 v3.15a biblatex bibliography style (PK/MW)
\c@bbx:relatedcount=\count416
\c@bbx:relatedtotal=\count417
))
Package biblatex Info: Trying to load citation style 'alphabetic'...
Package biblatex Info: ... file 'alphabetic.cbx' found.

(/usr/local/texlive/2020basic/texmf-dist/tex/latex/biblatex/cbx/alphabetic.cbx
File: alphabetic.cbx 2020/08/23 v3.15a biblatex citation style (PK/MW)
Package biblatex Info: Redefining '\cite'.
Package biblatex Info: Redefining '\parencite'.
Package biblatex Info: Redefining '\footcite'.
Package biblatex Info: Redefining '\footcitetext'.
Package biblatex Info: Redefining '\smartcite'.
Package biblatex Info: Redefining '\textcite'.
Package biblatex Info: Redefining '\textcites'.
Package biblatex Info: Redefining '\cites'.
Package biblatex Info: Redefining '\parencites'.
Package biblatex Info: Redefining '\smartcites'.
)
Package biblatex Info: Trying to load configuration file...
Package biblatex Info: ... file 'biblatex.cfg' found.
(/usr/local/texlive/2020basic/texmf-dist/tex/latex/biblatex/biblatex.cfg
File: biblatex.cfg 
))
(/usr/local/texlive/2020basic/texmf-dist/tex/latex/listings/listings.sty
\lst@mode=\count418
\lst@gtempboxa=\box55
\lst@token=\toks28
\lst@length=\count419
\lst@currlwidth=\dimen197
\lst@column=\count420
\lst@pos=\count421
\lst@lostspace=\dimen198
\lst@width=\dimen199
\lst@newlines=\count422
\lst@lineno=\count423
\lst@maxwidth=\dimen256

(/usr/local/texlive/2020basic/texmf-dist/tex/latex/listings/lstmisc.sty
File: lstmisc.sty 2020/03/24 1.8d (Carsten Heinz)
\c@lstnumber=\count424
\lst@skipnumbers=\count425
\lst@framebox=\box56
)
(/usr/local/texlive/2020basic/texmf-dist/tex/latex/listings/listings.cfg
File: listings.cfg 2020/03/24 1.8d listings configuration
))
Package: listings 2020/03/24 1.8d (Carsten Heinz)

(/usr/local/texlive/2020basic/texmf-dist/tex/latex/graphics/color.sty
Package: color 2019/11/23 v1.2a Standard LaTeX Color (DPC)

(/usr/local/texlive/2020basic/texmf-dist/tex/latex/graphics-cfg/color.cfg
File: color.cfg 2016/01/02 v1.6 sample color configuration
)
Package color Info: Driver file: pdftex.def on input line 147.
)
(/usr/local/texlive/2020basic/texmf-dist/tex/latex/tools/multicol.sty
Package: multicol 2019/12/09 v1.8y multicolumn formatting (FMi)
\c@tracingmulticols=\count426
\mult@box=\box57
\multicol@leftmargin=\dimen257
\c@unbalance=\count427
\c@collectmore=\count428
\doublecol@number=\count429
\multicoltolerance=\count430
\multicolpretolerance=\count431
\full@width=\dimen258
\page@free=\dimen259
\premulticols=\dimen260
\postmulticols=\dimen261
\multicolsep=\skip102
\multicolbaselineskip=\skip103
\partial@page=\box58
\last@line=\box59
\maxbalancingoverflow=\dimen262
\mult@rightbox=\box60
\mult@grightbox=\box61
\mult@gfirstbox=\box62
\mult@firstbox=\box63
\@tempa=\box64
\@tempa=\box65
\@tempa=\box66
\@tempa=\box67
\@tempa=\box68
\@tempa=\box69
\@tempa=\box70
\@tempa=\box71
\@tempa=\box72
\@tempa=\box73
\@tempa=\box74
\@tempa=\box75
\@tempa=\box76
\@tempa=\box77
\@tempa=\box78
\@tempa=\box79
\@tempa=\box80
\@tempa=\box81
\@tempa=\box82
\@tempa=\box83
\@tempa=\box84
\@tempa=\box85
\@tempa=\box86
\@tempa=\box87
\@tempa=\box88
\@tempa=\box89
\@tempa=\box90
\@tempa=\box91
\@tempa=\box92
\@tempa=\box93
\@tempa=\box94
\@tempa=\box95
\@tempa=\box96
\@tempa=\box97
\@tempa=\box98
\@tempa=\box99
\@tempa=\box100
\c@minrows=\count432
\c@columnbadness=\count433
\c@finalcolumnbadness=\count434
\last@try=\dimen263
\multicolovershoot=\dimen264
\multicolundershoot=\dimen265
\mult@nat@firstbox=\box101
\colbreak@box=\box102
\mc@col@check@num=\count435
)
(/usr/local/texlive/2020basic/texmf-dist/tex/latex/listings/lstlang1.sty
File: lstlang1.sty 2020/03/24 1.8d listings language file
)
Package hyperref Info: Option `bookmarksnumbered' set `true' on input line 81.
Package hyperref Info: Option `bookmarksopen' set `true' on input line 81.
Package hyperref Info: Option `colorlinks' set `true' on input line 81.

(/usr/local/texlive/2020basic/texmf-dist/tex/latex/oberdiek/hypcap.sty
Package: hypcap 2016/05/16 v1.12 Adjusting the anchors of captions (HO)
)
(/usr/local/texlive/2020basic/texmf-dist/tex/latex/float/float.sty
Package: float 2001/11/08 v1.3d Float enhancements (AL)
\c@float@type=\count436
\float@exts=\toks29
\float@box=\box103
\@float@everytoks=\toks30
\@floatcapt=\box104
))
(./notation.tex)
(/usr/local/texlive/2020basic/texmf-dist/tex/latex/csquotes/csquotes.sty
Package: csquotes 2019-12-06 v5.2j context-sensitive quotations (JAW)
\csq@reset=\count437
\csq@gtype=\count438
\csq@glevel=\count439
\csq@qlevel=\count440
\csq@maxlvl=\count441
\csq@tshold=\count442
\csq@ltx@everypar=\toks31

(/usr/local/texlive/2020basic/texmf-dist/tex/latex/csquotes/csquotes.def
File: csquotes.def 2019-12-06 v5.2j csquotes generic definitions (JAW)
)
Package csquotes Info: Trying to load configuration file 'csquotes.cfg'...
Package csquotes Info: ... configuration file loaded successfully.

(/usr/local/texlive/2020basic/texmf-dist/tex/latex/csquotes/csquotes.cfg
File: csquotes.cfg 
))
(/usr/local/texlive/2020basic/texmf-dist/tex/latex/ccicons/ccicons.sty
Package: ccicons 2017/10/30 v1.6 LaTeX support for Creative Commons icons

(/usr/local/texlive/2020basic/texmf-dist/tex/latex/xkeyval/xkeyval.sty
Package: xkeyval 2014/12/03 v2.7a package option processing (HA)

(/usr/local/texlive/2020basic/texmf-dist/tex/generic/xkeyval/xkeyval.tex
(/usr/local/texlive/2020basic/texmf-dist/tex/generic/xkeyval/xkvutils.tex
\XKV@toks=\toks32
\XKV@tempa@toks=\toks33
)
\XKV@depth=\count443
File: xkeyval.tex 2014/12/03 v2.7a key=value parser (HA)
)))
(./main.aux)
\openout1 = `main.aux'.

LaTeX Font Info:    Checking defaults for OML/cmm/m/it on input line 24.
LaTeX Font Info:    ... okay on input line 24.
LaTeX Font Info:    Checking defaults for OMS/cmsy/m/n on input line 24.
LaTeX Font Info:    ... okay on input line 24.
LaTeX Font Info:    Checking defaults for OT1/cmr/m/n on input line 24.
LaTeX Font Info:    ... okay on input line 24.
LaTeX Font Info:    Checking defaults for T1/cmr/m/n on input line 24.
LaTeX Font Info:    ... okay on input line 24.
LaTeX Font Info:    Checking defaults for TS1/cmr/m/n on input line 24.
LaTeX Font Info:    ... okay on input line 24.
LaTeX Font Info:    Checking defaults for OMX/cmex/m/n on input line 24.
LaTeX Font Info:    ... okay on input line 24.
LaTeX Font Info:    Checking defaults for U/cmr/m/n on input line 24.
LaTeX Font Info:    ... okay on input line 24.
LaTeX Font Info:    Checking defaults for PD1/pdf/m/n on input line 24.
LaTeX Font Info:    ... okay on input line 24.
LaTeX Font Info:    Trying to load font information for OT1+bch on input line 2
4.

(/usr/local/texlive/2020basic/texmf-dist/tex/latex/psnfss/ot1bch.fd
File: ot1bch.fd 2004/10/18 font definitions for OT1/bch.
)
*geometry* driver: auto-detecting
*geometry* detected driver: pdftex
*geometry* verbose mode - [ preamble ] result:
* driver: pdftex
* paper: a4paper
* layout: <same size as paper>
* layoutoffset:(h,v)=(0.0pt,0.0pt)
* modes: includehead includefoot twoside 
* h-part:(L,W,R)=(79.6678pt, 438.17227pt, 79.6678pt)
* v-part:(T,H,B)=(56.9055pt, 731.23584pt, 56.9055pt)
* \paperwidth=597.50787pt
* \paperheight=845.04684pt
* \textwidth=438.17227pt
* \textheight=664.23584pt
* \oddsidemargin=7.39781pt
* \evensidemargin=7.39781pt
* \topmargin=-15.36449pt
* \headheight=14.5pt
* \headsep=25.0pt
* \topskip=12.0pt
* \footskip=30.0pt
* \marginparwidth=95.0pt
* \marginparsep=10.0pt
* \columnsep=10.0pt
* \skip\footins=10.8pt plus 4.0pt minus 2.0pt
* \hoffset=0.0pt
* \voffset=0.0pt
* \mag=1000
* \@twocolumnfalse
* \@twosidetrue
* \@mparswitchtrue
* \@reversemarginfalse
* (1in=72.27pt=25.4mm, 1cm=28.453pt)

Package caption Info: Begin \AtBeginDocument code.
Package caption Info: float package is loaded.
Package caption Info: hyperref package is loaded.
Package caption Info: hypcap package is loaded.
Package caption Info: listings package is loaded.
Package caption Info: End \AtBeginDocument code.
(/usr/local/texlive/2020basic/texmf-dist/tex/context/base/mkii/supp-pdf.mkii
[Loading MPS to PDF converter (version 2006.09.02).]
\scratchcounter=\count444
\scratchdimen=\dimen266
\scratchbox=\box105
\nofMPsegments=\count445
\nofMParguments=\count446
\everyMPshowfont=\toks34
\MPscratchCnt=\count447
\MPscratchDim=\dimen267
\MPnumerator=\count448
\makeMPintoPDFobject=\count449
\everyMPtoPDFconversion=\toks35
)
\AtBeginShipoutBox=\box106
Package hyperref Info: Link coloring ON on input line 24.
 (/usr/local/texlive/2020basic/texmf-dist/tex/latex/hyperref/nameref.sty
Package: nameref 2019/09/16 v2.46 Cross-referencing by name of section

(/usr/local/texlive/2020basic/texmf-dist/tex/latex/refcount/refcount.sty
Package: refcount 2019/12/15 v3.6 Data extraction from label references (HO)
)
(/usr/local/texlive/2020basic/texmf-dist/tex/generic/gettitlestring/gettitlestr
ing.sty
Package: gettitlestring 2019/12/15 v1.6 Cleanup title references (HO)
)
\c@section@level=\count450
)
LaTeX Info: Redefining \ref on input line 24.
LaTeX Info: Redefining \pageref on input line 24.
LaTeX Info: Redefining \nameref on input line 24.
 (./main.out) (./main.out)
\@outlinefile=\write4
\openout4 = `main.out'.

Package biblatex Info: Trying to load language 'english'...
Package biblatex Info: ... file 'english.lbx' found.

(/usr/local/texlive/2020basic/texmf-dist/tex/latex/biblatex/lbx/english.lbx
File: english.lbx 2020/08/23 v3.15a biblatex localization (PK/MW)
)
Package biblatex Info: Input encoding 'utf8' detected.
Package biblatex Info: Automatic encoding selection.
(biblatex)             Assuming data encoding 'utf8'.
Package biblatex Info: Input encoding 'utf8' specified.
Package biblatex Info: Data encoding 'utf8' specified.
(biblatex)             No need to reencode data.
\openout3 = `main-blx.bib'.

Package biblatex Info: Trying to load bibliographic data...
Package biblatex Info: ... file 'main.bbl' found.

(./main.bbl)
Package biblatex Info: Reference section=0 on input line 24.
Package biblatex Info: Reference segment=0 on input line 24.
\c@lstlisting=\count451
 (./titlepage.tex
<../notebooks/figures/ugr.png, id=80, 225.84375pt x 225.84375pt>
File: ../notebooks/figures/ugr.png Graphic file (type png)
<use ../notebooks/figures/ugr.png>
Package pdftex.def Info: ../notebooks/figures/ugr.png  used on input line 11.
(pdftex.def)             Requested size: 113.81102pt x 113.81412pt.

Underfull \hbox (badness 10000) in paragraph at lines 11--12

 []

LaTeX Font Info:    Trying to load font information for U+lasy on input line 38
.
(/usr/local/texlive/2020basic/texmf-dist/tex/latex/base/ulasy.fd
File: ulasy.fd 1998/08/17 v2.2e LaTeX symbol font definitions
) [1

{/usr/local/texlive/2020basic/texmf-var/fonts/map/pdftex/updmap/pdftex.map} <..
/notebooks/figures/ugr.png>])
<../notebooks/figures/leaderboard.png, id=90, 788.9475pt x 722.7pt>
File: ../notebooks/figures/leaderboard.png Graphic file (type png)
<use ../notebooks/figures/leaderboard.png>
Package pdftex.def Info: ../notebooks/figures/leaderboard.png  used on input li
ne 45.
(pdftex.def)             Requested size: 438.17227pt x 401.37894pt.

Underfull \hbox (badness 10000) in paragraph at lines 42--46

 []


Underfull \hbox (badness 10000) in paragraph at lines 42--46

 []

<../notebooks/figures/late.png, id=92, 777.90625pt x 178.6675pt>
File: ../notebooks/figures/late.png Graphic file (type png)
<use ../notebooks/figures/late.png>
Package pdftex.def Info: ../notebooks/figures/late.png  used on input line 50.
(pdftex.def)             Requested size: 438.17227pt x 100.64197pt.

Underfull \hbox (badness 10000) in paragraph at lines 47--51

 []


Underfull \hbox (badness 10000) in paragraph at lines 47--51

 []

[1




 <../notebooks/figures/leaderboard.png> <../notebooks/figures/late.png>]
(./main.toc)
\tf@toc=\write5
\openout5 = `main.toc'.

 [2

] (./main.lof)
\tf@lof=\write6
\openout6 = `main.lof'.

 [3

] (./main.lot)
\tf@lot=\write7
\openout7 = `main.lot'.

 [4

]
LaTeX Font Info:    Trying to load font information for TS1+bch on input line 8
5.

(/usr/local/texlive/2020basic/texmf-dist/tex/latex/psnfss/ts1bch.fd
File: ts1bch.fd 2004/10/18 font definitions for TS1/bch.
) [1



]
Overfull \hbox (15.62878pt too wide) in paragraph at lines 105--106
[]\OT1/bch/m/n/12 sample.csv: Fichero con el for-mato del fichero a some-ter, q
ue con-tiene []unicamente
 []

[2]
Overfull \hbox (18.24002pt too wide) in paragraph at lines 117--118
[]\OT1/bch/m/n/12 Por sim-pli-ci-dad y para hacer la tabla m[]as c[]omoda vi-su
al-mente, mostraremos []unicamente
 []


Package multicol Warning: I moved some lines to the next page.
(multicol)                Footnotes on page 3 might be wrong on input line 135.


[3

]
<../notebooks/figures/hist.png, id=212, 1300.86pt x 1589.94pt>
File: ../notebooks/figures/hist.png Graphic file (type png)
<use ../notebooks/figures/hist.png>
Package pdftex.def Info: ../notebooks/figures/hist.png  used on input line 175.

(pdftex.def)             Requested size: 438.17227pt x 535.52628pt.

Underfull \vbox (badness 10000) has occurred while \output is active []

 [4]
<../notebooks/figures/ciudad.png, id=250, 433.62pt x 289.08pt>
File: ../notebooks/figures/ciudad.png Graphic file (type png)
<use ../notebooks/figures/ciudad.png>
Package pdftex.def Info: ../notebooks/figures/ciudad.png  used on input line 18
4.
(pdftex.def)             Requested size: 227.62204pt x 151.74721pt.
<../notebooks/figures/ciudad_precio_cat.png, id=251, 433.62pt x 289.08pt>
File: ../notebooks/figures/ciudad_precio_cat.png Graphic file (type png)
<use ../notebooks/figures/ciudad_precio_cat.png>
Package pdftex.def Info: ../notebooks/figures/ciudad_precio_cat.png  used on in
put line 186.
(pdftex.def)             Requested size: 227.62204pt x 151.74721pt.

Overfull \hbox (13.5359pt too wide) in paragraph at lines 184--187
[][]
 []


Overfull \hbox (13.5359pt too wide) in paragraph at lines 184--187
[] 
 []

<../notebooks/figures/mano.png, id=252, 433.62pt x 289.08pt>
File: ../notebooks/figures/mano.png Graphic file (type png)
<use ../notebooks/figures/mano.png>
Package pdftex.def Info: ../notebooks/figures/mano.png  used on input line 191.

(pdftex.def)             Requested size: 227.62204pt x 151.74721pt.
<../notebooks/figures/mano_precio_cat.png, id=253, 433.62pt x 289.08pt>
File: ../notebooks/figures/mano_precio_cat.png Graphic file (type png)
<use ../notebooks/figures/mano_precio_cat.png>
Package pdftex.def Info: ../notebooks/figures/mano_precio_cat.png  used on inpu
t line 193.
(pdftex.def)             Requested size: 227.62204pt x 151.74721pt.

Overfull \hbox (13.5359pt too wide) in paragraph at lines 191--194
[][]
 []


Overfull \hbox (13.5359pt too wide) in paragraph at lines 191--194
[] 
 []

<../notebooks/figures/asientos.png, id=254, 433.62pt x 289.08pt>
File: ../notebooks/figures/asientos.png Graphic file (type png)
<use ../notebooks/figures/asientos.png>
Package pdftex.def Info: ../notebooks/figures/asientos.png  used on input line 
198.
(pdftex.def)             Requested size: 227.62204pt x 151.74721pt.
<../notebooks/figures/asientos_precio_cat.png, id=255, 433.62pt x 289.08pt>
File: ../notebooks/figures/asientos_precio_cat.png Graphic file (type png)
<use ../notebooks/figures/asientos_precio_cat.png>
Package pdftex.def Info: ../notebooks/figures/asientos_precio_cat.png  used on 
input line 200.
(pdftex.def)             Requested size: 227.62204pt x 151.74721pt.

Overfull \hbox (13.5359pt too wide) in paragraph at lines 198--201
[][]
 []


Overfull \hbox (13.5359pt too wide) in paragraph at lines 198--201
[] 
 []


Underfull \vbox (badness 5147) has occurred while \output is active []

 [5 <../notebooks/figures/hist.png>]
<../notebooks/figures/anio.png, id=261, 433.62pt x 289.08pt>
File: ../notebooks/figures/anio.png Graphic file (type png)
<use ../notebooks/figures/anio.png>
Package pdftex.def Info: ../notebooks/figures/anio.png  used on input line 209.

(pdftex.def)             Requested size: 227.62204pt x 151.74721pt.
<../notebooks/figures/anio_precio_cat.png, id=262, 433.62pt x 289.08pt>
File: ../notebooks/figures/anio_precio_cat.png Graphic file (type png)
<use ../notebooks/figures/anio_precio_cat.png>
Package pdftex.def Info: ../notebooks/figures/anio_precio_cat.png  used on inpu
t line 211.
(pdftex.def)             Requested size: 227.62204pt x 151.74721pt.

Overfull \hbox (13.5359pt too wide) in paragraph at lines 209--212
[][]
 []


Overfull \hbox (13.5359pt too wide) in paragraph at lines 209--212
[] 
 []


Underfull \vbox (badness 10000) has occurred while \output is active []

 [6 <../notebooks/figures/ciudad.png> <../notebooks/figures/ciudad_precio_cat.p
ng> <../notebooks/figures/mano.png> <../notebooks/figures/mano_precio_cat.png> 
<../notebooks/figures/asientos.png> <../notebooks/figures/asientos_precio_cat.p
ng>]
<../notebooks/figures/consumo_dis.png, id=274, 1156.32pt x 361.35pt>
File: ../notebooks/figures/consumo_dis.png Graphic file (type png)
<use ../notebooks/figures/consumo_dis.png>
Package pdftex.def Info: ../notebooks/figures/consumo_dis.png  used on input li
ne 223.
(pdftex.def)             Requested size: 438.17227pt x 136.92847pt.
<../notebooks/figures/motor_dis.png, id=275, 1156.32pt x 361.35pt>
File: ../notebooks/figures/motor_dis.png Graphic file (type png)
<use ../notebooks/figures/motor_dis.png>
Package pdftex.def Info: ../notebooks/figures/motor_dis.png  used on input line
 225.
(pdftex.def)             Requested size: 438.17227pt x 136.92847pt.
<../notebooks/figures/potencia_dis.png, id=276, 1156.32pt x 361.35pt>
File: ../notebooks/figures/potencia_dis.png Graphic file (type png)
<use ../notebooks/figures/potencia_dis.png>
Package pdftex.def Info: ../notebooks/figures/potencia_dis.png  used on input l
ine 227.
(pdftex.def)             Requested size: 438.17227pt x 136.92847pt.

Underfull \vbox (badness 10000) has occurred while \output is active []

 [7 <../notebooks/figures/anio.png> <../notebooks/figures/anio_precio_cat.png>]
<../notebooks/figures/company.png, id=285, 433.62pt x 289.08pt>
File: ../notebooks/figures/company.png Graphic file (type png)
<use ../notebooks/figures/company.png>
Package pdftex.def Info: ../notebooks/figures/company.png  used on input line 2
37.
(pdftex.def)             Requested size: 438.17227pt x 292.13168pt.

Underfull \vbox (badness 10000) has occurred while \output is active []

 [8 <../notebooks/figures/consumo_dis.png> <../notebooks/figures/motor_dis.png>
 <../notebooks/figures/potencia_dis.png>]
<../notebooks/figures/company_precio_cat.png, id=295, 1445.4pt x 1806.75pt>
File: ../notebooks/figures/company_precio_cat.png Graphic file (type png)
<use ../notebooks/figures/company_precio_cat.png>
Package pdftex.def Info: ../notebooks/figures/company_precio_cat.png  used on i
nput line 251.
(pdftex.def)             Requested size: 438.17227pt x 547.70834pt.

Underfull \vbox (badness 10000) has occurred while \output is active []

 [9 <../notebooks/figures/company.png>]
Overfull \hbox (3.18004pt too wide) in paragraph at lines 256--257
[]\OT1/bch/m/n/12 Comparamos tambi[]en en-tre atrib-u-tos, por ejem-plo en-tre 
tipo de mar-chas y kil[]ometros
 []

<../notebooks/figures/tipo_marchas_km.png, id=308, 433.62pt x 289.08pt>
File: ../notebooks/figures/tipo_marchas_km.png Graphic file (type png)
<use ../notebooks/figures/tipo_marchas_km.png>
Package pdftex.def Info: ../notebooks/figures/tipo_marchas_km.png  used on inpu
t line 259.
(pdftex.def)             Requested size: 438.17227pt x 292.13168pt.

Underfull \vbox (badness 10000) has occurred while \output is active []

 [10 <../notebooks/figures/company_precio_cat.png>]
<../notebooks/figures/ciudad_km.png, id=314, 433.62pt x 289.08pt>
File: ../notebooks/figures/ciudad_km.png Graphic file (type png)
<use ../notebooks/figures/ciudad_km.png>
Package pdftex.def Info: ../notebooks/figures/ciudad_km.png  used on input line
 266.
(pdftex.def)             Requested size: 438.17227pt x 292.13168pt.
 [11 <../notebooks/figures/tipo_marchas_km.png> <../notebooks/figures/ciudad_km
.png>]
Overfull \hbox (2.22008pt too wide) in paragraph at lines 323--324
[]\OT1/bch/m/n/12 Respecto a lo restante, ex-is-ten un gran n[]umero de pro-ced
-imien-tos para el tratamiento
 []

[12]
Underfull \hbox (badness 10000) in paragraph at lines 334--336

 []


Underfull \hbox (badness 10000) in paragraph at lines 334--336

 []

[13] [14]
<../notebooks/figures/outlier_Consumo.png, id=352, 867.24pt x 433.62pt>
File: ../notebooks/figures/outlier_Consumo.png Graphic file (type png)
<use ../notebooks/figures/outlier_Consumo.png>
Package pdftex.def Info: ../notebooks/figures/outlier_Consumo.png  used on inpu
t line 377.
(pdftex.def)             Requested size: 227.62204pt x 113.81041pt.

Overfull \hbox (13.5359pt too wide) in paragraph at lines 377--378
[][] 
 []

<../notebooks/figures/outlier_Kilometros.png, id=353, 867.24pt x 433.62pt>
File: ../notebooks/figures/outlier_Kilometros.png Graphic file (type png)
<use ../notebooks/figures/outlier_Kilometros.png>
Package pdftex.def Info: ../notebooks/figures/outlier_Kilometros.png  used on i
nput line 380.
(pdftex.def)             Requested size: 227.62204pt x 113.81041pt.

Overfull \hbox (13.5359pt too wide) in paragraph at lines 380--381
[][] 
 []

<../notebooks/figures/outlier_Motor_CC.png, id=354, 867.24pt x 433.62pt>
File: ../notebooks/figures/outlier_Motor_CC.png Graphic file (type png)
<use ../notebooks/figures/outlier_Motor_CC.png>
Package pdftex.def Info: ../notebooks/figures/outlier_Motor_CC.png  used on inp
ut line 384.
(pdftex.def)             Requested size: 227.62204pt x 113.81041pt.

Overfull \hbox (13.5359pt too wide) in paragraph at lines 384--385
[][] 
 []

<../notebooks/figures/outlier_Potencia.png, id=355, 867.24pt x 433.62pt>
File: ../notebooks/figures/outlier_Potencia.png Graphic file (type png)
<use ../notebooks/figures/outlier_Potencia.png>
Package pdftex.def Info: ../notebooks/figures/outlier_Potencia.png  used on inp
ut line 387.
(pdftex.def)             Requested size: 227.62204pt x 113.81041pt.

Overfull \hbox (13.5359pt too wide) in paragraph at lines 387--388
[][] 
 []

[15 <../notebooks/figures/outlier_Consumo.png> <../notebooks/figures/outlier_Ki
lometros.png> <../notebooks/figures/outlier_Motor_CC.png> <../notebooks/figures
/outlier_Potencia.png>]
<../notebooks/figures/no_outlier_Consumo.png, id=378, 867.24pt x 433.62pt>
File: ../notebooks/figures/no_outlier_Consumo.png Graphic file (type png)
<use ../notebooks/figures/no_outlier_Consumo.png>
Package pdftex.def Info: ../notebooks/figures/no_outlier_Consumo.png  used on i
nput line 424.
(pdftex.def)             Requested size: 227.62204pt x 113.81041pt.

Overfull \hbox (13.5359pt too wide) in paragraph at lines 424--425
[][] 
 []

<../notebooks/figures/no_outlier_Kilometros.png, id=379, 867.24pt x 433.62pt>
File: ../notebooks/figures/no_outlier_Kilometros.png Graphic file (type png)
<use ../notebooks/figures/no_outlier_Kilometros.png>
Package pdftex.def Info: ../notebooks/figures/no_outlier_Kilometros.png  used o
n input line 427.
(pdftex.def)             Requested size: 227.62204pt x 113.81041pt.

Overfull \hbox (13.5359pt too wide) in paragraph at lines 427--428
[][] 
 []

<../notebooks/figures/no_outlier_Motor_CC.png, id=380, 867.24pt x 433.62pt>
File: ../notebooks/figures/no_outlier_Motor_CC.png Graphic file (type png)
<use ../notebooks/figures/no_outlier_Motor_CC.png>
Package pdftex.def Info: ../notebooks/figures/no_outlier_Motor_CC.png  used on 
input line 431.
(pdftex.def)             Requested size: 227.62204pt x 113.81041pt.

Overfull \hbox (13.5359pt too wide) in paragraph at lines 431--432
[][] 
 []

<../notebooks/figures/no_outlier_Potencia.png, id=381, 867.24pt x 433.62pt>
File: ../notebooks/figures/no_outlier_Potencia.png Graphic file (type png)
<use ../notebooks/figures/no_outlier_Potencia.png>
Package pdftex.def Info: ../notebooks/figures/no_outlier_Potencia.png  used on 
input line 434.
(pdftex.def)             Requested size: 227.62204pt x 113.81041pt.

Overfull \hbox (13.5359pt too wide) in paragraph at lines 434--435
[][] 
 []

[16 <../notebooks/figures/no_outlier_Consumo.png> <../notebooks/figures/no_outl
ier_Kilometros.png> <../notebooks/figures/no_outlier_Motor_CC.png> <../notebook
s/figures/no_outlier_Potencia.png>]
<../notebooks/figures/skewed_data.png, id=398, 1084.05pt x 722.7pt>
File: ../notebooks/figures/skewed_data.png Graphic file (type png)
<use ../notebooks/figures/skewed_data.png>
Package pdftex.def Info: ../notebooks/figures/skewed_data.png  used on input li
ne 462.
(pdftex.def)             Requested size: 438.17227pt x 292.11847pt.
<../notebooks/figures/no_skewed_data.png, id=400, 1084.05pt x 722.7pt>
File: ../notebooks/figures/no_skewed_data.png Graphic file (type png)
<use ../notebooks/figures/no_skewed_data.png>
Package pdftex.def Info: ../notebooks/figures/no_skewed_data.png  used on input
 line 470.
(pdftex.def)             Requested size: 438.17227pt x 292.11847pt.

Underfull \vbox (badness 5711) has occurred while \output is active []

 [17 <../notebooks/figures/skewed_data.png>] [18 <../notebooks/figures/no_skewe
d_data.png>]
Underfull \hbox (badness 10000) in paragraph at lines 505--507

 []


Underfull \hbox (badness 10000) in paragraph at lines 505--507

 []

[19]
<../notebooks/figures/feature_importances_rfc_1.png, id=419, 867.24pt x 578.16p
t>
File: ../notebooks/figures/feature_importances_rfc_1.png Graphic file (type png
)
<use ../notebooks/figures/feature_importances_rfc_1.png>
Package pdftex.def Info: ../notebooks/figures/feature_importances_rfc_1.png  us
ed on input line 546.
(pdftex.def)             Requested size: 438.17227pt x 292.11406pt.

Underfull \vbox (badness 3907) has occurred while \output is active []

 [20]
Underfull \hbox (badness 10000) in paragraph at lines 558--560

 []


Underfull \hbox (badness 10000) in paragraph at lines 558--560

 []

[21 <../notebooks/figures/feature_importances_rfc_1.png>]
Underfull \vbox (badness 10000) has occurred while \output is active []

 [22]
Underfull \hbox (badness 10000) in paragraph at lines 604--605

 []

[23]
<../notebooks/figures/catboost_train.png, id=526, 1091.07625pt x 540.0175pt>
File: ../notebooks/figures/catboost_train.png Graphic file (type png)
<use ../notebooks/figures/catboost_train.png>
Package pdftex.def Info: ../notebooks/figures/catboost_train.png  used on input
 line 631.
(pdftex.def)             Requested size: 438.17227pt x 216.86836pt.
 [24 <../notebooks/figures/catboost_train.png>]
Underfull \hbox (badness 10000) in paragraph at lines 652--654

 []


Underfull \hbox (badness 10000) in paragraph at lines 652--654

 []


Overfull \hbox (5.41911pt too wide) in paragraph at lines 671--672
[]\OT1/bch/m/n/12 Respecto a op-ti-mizador hemos es-cogido \OT1/bch/m/it/12 Ada
m \OT1/bch/m/n/12 ya que com-bina las bue-nas propiedades
 []

[25]
Underfull \hbox (badness 10000) in paragraph at lines 681--683

 []


Underfull \hbox (badness 10000) in paragraph at lines 681--683

 []

[26]
Underfull \vbox (badness 10000) has occurred while \output is active []

 [27]
Overfull \hbox (18.33119pt too wide) in paragraph at lines 771--772
[]\OT1/bch/m/n/12 Para en-tre-nar los mod-e-los debe-mos de es-table-cer al-gun
os par[]ametros como el \OT1/bch/m/it/12 batch[]size\OT1/bch/m/n/12 ,
 []

<../notebooks/figures/validation_nn.png, id=662, 578.16pt x 433.62pt>
File: ../notebooks/figures/validation_nn.png Graphic file (type png)
<use ../notebooks/figures/validation_nn.png>
Package pdftex.def Info: ../notebooks/figures/validation_nn.png  used on input 
line 784.
(pdftex.def)             Requested size: 438.17227pt x 328.62831pt.
[28 <../notebooks/figures/validation_nn.png>]
<../notebooks/figures/roc_nn.png, id=670, 722.7pt x 722.7pt>
File: ../notebooks/figures/roc_nn.png Graphic file (type png)
<use ../notebooks/figures/roc_nn.png>
Package pdftex.def Info: ../notebooks/figures/roc_nn.png  used on input line 79
2.
(pdftex.def)             Requested size: 438.17227pt x 438.1777pt.
 [29 <../notebooks/figures/roc_nn.png>]
<../notebooks/figures/subidas.png, id=677, 318.18875pt x 639.38875pt>
File: ../notebooks/figures/subidas.png Graphic file (type png)
<use ../notebooks/figures/subidas.png>
Package pdftex.def Info: ../notebooks/figures/subidas.png  used on input line 8
06.
(pdftex.def)             Requested size: 256.0748pt x 514.5654pt.
LaTeX Font Info:    Trying to load font information for OMS+bch on input line 8
12.
 (/usr/local/texlive/2020basic/texmf-dist/tex/latex/psnfss/omsbch.fd
File: omsbch.fd 
)
LaTeX Font Info:    Font shape `OMS/bch/b/n' in size <12> not available
(Font)              Font shape `OMS/cmsy/b/n' tried instead on input line 812.

Overfull \hbox (5.88725pt too wide) in paragraph at lines 812--813
[]\OT1/bch/m/n/12 Todo lo rel-e-vante para recrear las subidas se en-cuen-tran 
en el note-book \OT1/bch/b/n/12 vanilla.ipynb\OT1/bch/m/n/12 ,
 []

[30 <../notebooks/figures/subidas.png>]
Underfull \vbox (badness 10000) has occurred while \output is active []

 [31]
[32]
Overfull \hbox (14.53194pt too wide) in paragraph at lines 860--860
[]\OT1/bch/m/it/12 Catboost One Hot. \OT1/bch/m/sc/12 url\OT1/bch/m/n/12 : [][]
$\OT1/cmtt/m/n/12 https : / / catboost . ai / docs / features / categorical -[]

 []


Overfull \hbox (7.87195pt too wide) in paragraph at lines 860--860
[]\OT1/bch/m/it/12 Catboost Over-fit. \OT1/bch/m/sc/12 url\OT1/bch/m/n/12 : [][
]$\OT1/cmtt/m/n/12 https : / / catboost . ai / docs / concepts / overfitting -[
]
 []


Overfull \hbox (0.39581pt too wide) in paragraph at lines 860--860
[]\OT1/bch/m/it/12 Nodes hid-den lay-ers\OT1/bch/m/n/12 . \OT1/bch/m/sc/12 url\
OT1/bch/m/n/12 : [][]$\OT1/cmtt/m/n/12 https : / / stats . stackexchange . com 
/ questions /
 []

Package atveryend Info: Empty hook `BeforeClearDocument' on input line 863.
[33

]
Package atveryend Info: Empty hook `AfterLastShipout' on input line 863.
 (./main.aux)
Package atveryend Info: Executing hook `AtVeryEndDocument' on input line 863.
Package atveryend Info: Executing hook `AtEndAfterFileList' on input line 863.
Package rerunfilecheck Info: File `main.out' has not changed.
(rerunfilecheck)             Checksum: F7AC05FE07C1FA7C0C25BE3A9DB262AB;1135.
Package logreq Info: Writing requests to 'main.run.xml'.
\openout1 = `main.run.xml'.

Package atveryend Info: Empty hook `AtVeryVeryEnd' on input line 863.
 ) 
Here is how much of TeX's memory you used:
 20202 strings out of 482056
 342239 string characters out of 5937674
 1143522 words of memory out of 5000000
 35136 multiletter control sequences out of 15000+600000
 571046 words of font info for 86 fonts, out of 8000000 for 9000
 319 hyphenation exceptions out of 8191
 44i,18n,77p,2541b,2158s stack positions out of 5000i,500n,10000p,200000b,80000s
{/usr/local/texlive/2020basic/texmf-dist/fonts/enc/dvips/base/8r.enc}</usr/lo
cal/texlive/2020basic/texmf-dist/fonts/type1/bitstrea/charter/bchb8a.pfb></usr/
local/texlive/2020basic/texmf-dist/fonts/type1/bitstrea/charter/bchr8a.pfb></us
r/local/texlive/2020basic/texmf-dist/fonts/type1/bitstrea/charter/bchri8a.pfb><
/usr/local/texlive/2020basic/texmf-dist/fonts/type1/public/amsfonts/cm/cmbsy10.
pfb></usr/local/texlive/2020basic/texmf-dist/fonts/type1/public/amsfonts/cm/cmm
i12.pfb></usr/local/texlive/2020basic/texmf-dist/fonts/type1/public/amsfonts/cm
/cmmi8.pfb></usr/local/texlive/2020basic/texmf-dist/fonts/type1/public/amsfonts
/cm/cmr12.pfb></usr/local/texlive/2020basic/texmf-dist/fonts/type1/public/amsfo
nts/cm/cmssbx10.pfb></usr/local/texlive/2020basic/texmf-dist/fonts/type1/public
/amsfonts/cm/cmsy10.pfb></usr/local/texlive/2020basic/texmf-dist/fonts/type1/pu
blic/amsfonts/cm/cmtt10.pfb></usr/local/texlive/2020basic/texmf-dist/fonts/type
1/public/amsfonts/cm/cmtt12.pfb>
Output written on main.pdf (38 pages, 1014817 bytes).
PDF statistics:
 836 PDF objects out of 1000 (max. 8388607)
 709 compressed objects within 8 object streams
 347 named destinations out of 1000 (max. 500000)
 323 words of extra memory for PDF output out of 10000 (max. 10000000)

